<?xml version="1.0" encoding="UTF-8"?>
<!-- Generated by org.testng.reporters.JUnitReportReporter -->
<testsuite hostname="MANSINGH" failures="0" tests="1" name="com.sauce.testscript.LoginTestScript" time="41.952" errors="0" timestamp="2024-02-09T15:04:50 IST" skipped="0">
  <testcase classname="com.sauce.testscript.LoginTestScript" name="verifySD001LoginAndLogOut" time="41.952"/>
</testsuite> <!-- com.sauce.testscript.LoginTestScript -->
